Using pre-set license
Built from '2021.1/staging' branch; Version is '2021.1.0f1 (212a25361e8c) revision 2173477'; Using compiler version '192528614'; Build Type 'Release'
OS: 'Windows 7  (6.1.0) 64bit' Language: 'ru' Physical Memory: 6143 MB
BatchMode: 1, IsHumanControllingUs: 0, StartBugReporterOnCrash: 0, Is64bit: 1, IsPro: 0

 COMMAND LINE ARGUMENTS:
C:\VetloDevelop2021\2021.1.0f1\2021.1.0f1\Editor\Unity.exe
-adb2
-batchMode
-noUpm
-name
AssetImportWorker0
-projectPath
C:/VetloDevelop2021/NewInputSystem/New Input System
-logFile
Logs/AssetImportWorker0.log
-srvPort
60753
Successfully changed project path to: C:/VetloDevelop2021/NewInputSystem/New Input System
C:/VetloDevelop2021/NewInputSystem/New Input System
Using Asset Import Pipeline V2.
Refreshing native plugins compatible for Editor in 207.11 ms, found 4 plugins.
Preloading 0 native plugins for Editor in 0.00 ms.
Initialize engine version: 2021.1.0f1 (212a25361e8c)
[Subsystems] Discovering subsystems at path C:/VetloDevelop2021/2021.1.0f1/2021.1.0f1/Editor/Data/Resources/UnitySubsystems
[Subsystems] Discovering subsystems at path C:/VetloDevelop2021/NewInputSystem/New Input System/Assets
GfxDevice: creating device client; threaded=0; jobified=0
d3d11: CreateDXGIFactory2(...) not found, fallbacking to CreateDXGIFactory1(...).
d3d11: QueryInterface(IDXGIFactory5) failed (80004002).
Direct3D:
    Version:  Direct3D 11.0 [level 11.0]
    Renderer: NVIDIA GeForce GTX 550 Ti (ID=0x1244)
    Vendor:   NVIDIA
    VRAM:     959 MB
    Driver:   23.21.13.9135
Initialize mono
Mono path[0] = 'C:/VetloDevelop2021/2021.1.0f1/2021.1.0f1/Editor/Data/Managed'
Mono path[1] = 'C:/VetloDevelop2021/2021.1.0f1/2021.1.0f1/Editor/Data/MonoBleedingEdge/lib/mono/unityjit'
Mono config path = 'C:/VetloDevelop2021/2021.1.0f1/2021.1.0f1/Editor/Data/MonoBleedingEdge/etc'
Using monoOptions --debugger-agent=transport=dt_socket,embedding=1,server=y,suspend=n,address=127.0.0.1:56112
Begin MonoManager ReloadAssembly
Registering precompiled unity dll's ...
Register platform support module: C:/VetloDevelop2021/2021.1.0f1/2021.1.0f1/Editor/Data/PlaybackEngines/WebGLSupport/UnityEditor.WebGL.Extensions.dll
Register platform support module: C:/VetloDevelop2021/2021.1.0f1/2021.1.0f1/Editor/Data/PlaybackEngines/WindowsStandaloneSupport/UnityEditor.WindowsStandalone.Extensions.dll
Registered in 0.001839 seconds.
Native extension for WindowsStandalone target not found
Native extension for WebGL target not found
Refreshing native plugins compatible for Editor in 211.51 ms, found 4 plugins.
Preloading 0 native plugins for Editor in 0.00 ms.
Mono: successfully reloaded assembly
- Completed reload, in  3.318 seconds
Platform modules already initialized, skipping
Registering precompiled user dll's ...
Registered in 0.004852 seconds.
Begin MonoManager ReloadAssembly
Native extension for WindowsStandalone target not found
Native extension for WebGL target not found
Refreshing native plugins compatible for Editor in 211.90 ms, found 4 plugins.
Preloading 0 native plugins for Editor in 0.00 ms.
Mono: successfully reloaded assembly
- Completed reload, in  2.671 seconds
Platform modules already initialized, skipping
========================================================================
Worker process is ready to serve import requests
Shader 'Universal Render Pipeline/Particles/Lit': fallback shader 'Universal Render Pipeline/Particles/SimpleLit' not found
Shader 'Universal Render Pipeline/Particles/Lit': fallback shader 'Universal Render Pipeline/Particles/SimpleLit' not found
Launched and connected shader compiler UnityShaderCompiler.exe after 0.22 seconds
Refreshing native plugins compatible for Editor in 2.39 ms, found 4 plugins.
Preloading 0 native plugins for Editor in 0.00 ms.
Unloading 4864 Unused Serialized files (Serialized files now loaded: 0)
System memory in use before: 184.5 MB.
System memory in use after: 182.3 MB.

Unloading 59 unused Assets to reduce memory usage. Loaded Objects now: 5276.
Total: 11.079201 ms (FindLiveObjects: 1.897867 ms CreateObjectMapping: 0.369111 ms MarkObjects: 6.599023 ms  DeleteObjects: 2.205867 ms)

========================================================================
Received Import Request.
  path: Assets/_Vetlo_/vScripts
  artifactKey: Guid(73ef54744812d714ca8dc473f9664d85) Importer(815301076,1909f56bfc062723c751e8b465ee728b)
Start importing Assets/_Vetlo_/vScripts using Guid(73ef54744812d714ca8dc473f9664d85) Importer(815301076,1909f56bfc062723c751e8b465ee728b)  -> (artifact id: '9d84bf673604549b6fb1cdd355bb32e4') in 0.017176 seconds 
========================================================================
Received Import Request.
  Time since last request: 12.293752 seconds.
  path: Assets/_Vetlo_/vMaterials
  artifactKey: Guid(7abe80ab70570f84bb5d1cb84846c21b) Importer(815301076,1909f56bfc062723c751e8b465ee728b)
Start importing Assets/_Vetlo_/vMaterials using Guid(7abe80ab70570f84bb5d1cb84846c21b) Importer(815301076,1909f56bfc062723c751e8b465ee728b)  -> (artifact id: '45aa7f269d0bcc1343b0036a1b0d2f9e') in 0.004085 seconds 
========================================================================
Received Import Request.
  Time since last request: 12.297133 seconds.
  path: Assets/_Vetlo_/vPrefabs
  artifactKey: Guid(a2db7ebeb43fde247a0b8d883cda80eb) Importer(815301076,1909f56bfc062723c751e8b465ee728b)
Start importing Assets/_Vetlo_/vPrefabs using Guid(a2db7ebeb43fde247a0b8d883cda80eb) Importer(815301076,1909f56bfc062723c751e8b465ee728b)  -> (artifact id: '89c240de91a470dc56ce8682047b889d') in 0.007628 seconds 
========================================================================
Received Import Request.
  Time since last request: 253.457152 seconds.
  path: Assets/_Vetlo_/vPrefabs/Player.prefab
  artifactKey: Guid(b1bef022a149e8f46bbe18858018ddbd) Importer(815301076,1909f56bfc062723c751e8b465ee728b)
Start importing Assets/_Vetlo_/vPrefabs/Player.prefab using Guid(b1bef022a149e8f46bbe18858018ddbd) Importer(815301076,1909f56bfc062723c751e8b465ee728b)  -> (artifact id: '6eb97acaf352b73afcc68da726bdfe70') in 0.645928 seconds 
========================================================================
Received Import Request.
  Time since last request: 26.062210 seconds.
  path: Assets/_Vetlo_/InputActions
  artifactKey: Guid(df4fd4c32d81e704f8d2304308c31851) Importer(815301076,1909f56bfc062723c751e8b465ee728b)
Start importing Assets/_Vetlo_/InputActions using Guid(df4fd4c32d81e704f8d2304308c31851) Importer(815301076,1909f56bfc062723c751e8b465ee728b)  -> (artifact id: '0f655b9906a0389ac01fb54367aeb500') in 0.006744 seconds 
========================================================================
Received Import Request.
  Time since last request: 526.862889 seconds.
  path: Assets/_Vetlo_/InputActions/Player.inputactions
  artifactKey: Guid(aff2d7315275d9a4798b4955d8657a5a) Importer(815301076,1909f56bfc062723c751e8b465ee728b)
Start importing Assets/_Vetlo_/InputActions/Player.inputactions using Guid(aff2d7315275d9a4798b4955d8657a5a) Importer(815301076,1909f56bfc062723c751e8b465ee728b)  -> (artifact id: 'd4126ea3a158c0ee1bd69cb653bf24a7') in 0.012638 seconds 
========================================================================
Received Import Request.
  Time since last request: 4104.690135 seconds.
  path: Assets/_Vetlo_/vScripts/PlayerMovement.cs
  artifactKey: Guid(70369e314b2ccc547b02ce1d6bf18932) Importer(815301076,1909f56bfc062723c751e8b465ee728b)
Start importing Assets/_Vetlo_/vScripts/PlayerMovement.cs using Guid(70369e314b2ccc547b02ce1d6bf18932) Importer(815301076,1909f56bfc062723c751e8b465ee728b)  -> (artifact id: '1eda000757b42f53dd22d471482da4ce') in 0.070467 seconds 
========================================================================
Received Prepare
Registering precompiled user dll's ...
Registered in 0.004772 seconds.
Begin MonoManager ReloadAssembly
Native extension for WindowsStandalone target not found
Native extension for WebGL target not found
Refreshing native plugins compatible for Editor in 2.06 ms, found 4 plugins.
Preloading 0 native plugins for Editor in 0.00 ms.
Mono: successfully reloaded assembly
- Completed reload, in  2.508 seconds
Platform modules already initialized, skipping
Shader 'Universal Render Pipeline/Particles/Lit': fallback shader 'Universal Render Pipeline/Particles/SimpleLit' not found
Shader 'Universal Render Pipeline/Particles/Lit': fallback shader 'Universal Render Pipeline/Particles/SimpleLit' not found
Refreshing native plugins compatible for Editor in 2.38 ms, found 4 plugins.
Preloading 0 native plugins for Editor in 0.00 ms.
Unloading 4782 Unused Serialized files (Serialized files now loaded: 0)
System memory in use before: 187.3 MB.
System memory in use after: 185.2 MB.

Unloading 52 unused Assets to reduce memory usage. Loaded Objects now: 5326.
Total: 56.155740 ms (FindLiveObjects: 21.275958 ms CreateObjectMapping: 0.583733 ms MarkObjects: 32.498893 ms  DeleteObjects: 1.789334 ms)

========================================================================
Received Import Request.
  Time since last request: 797.806643 seconds.
  path: Assets/_Vetlo_/vScripts/PlayerMovement.cs
  artifactKey: Guid(70369e314b2ccc547b02ce1d6bf18932) Importer(815301076,1909f56bfc062723c751e8b465ee728b)
Start importing Assets/_Vetlo_/vScripts/PlayerMovement.cs using Guid(70369e314b2ccc547b02ce1d6bf18932) Importer(815301076,1909f56bfc062723c751e8b465ee728b)  -> (artifact id: '632328c48484d9daa2ab872b242e4b41') in 0.100208 seconds 
========================================================================
Received Prepare
Registering precompiled user dll's ...
Registered in 0.324723 seconds.
Begin MonoManager ReloadAssembly
Native extension for WindowsStandalone target not found
Native extension for WebGL target not found
Refreshing native plugins compatible for Editor in 1.95 ms, found 4 plugins.
Preloading 0 native plugins for Editor in 0.00 ms.
Mono: successfully reloaded assembly
- Completed reload, in 49.930 seconds
Platform modules already initialized, skipping
Shader 'Universal Render Pipeline/Particles/Lit': fallback shader 'Universal Render Pipeline/Particles/SimpleLit' not found
Shader 'Universal Render Pipeline/Particles/Lit': fallback shader 'Universal Render Pipeline/Particles/SimpleLit' not found
Refreshing native plugins compatible for Editor in 2.42 ms, found 4 plugins.
Preloading 0 native plugins for Editor in 0.00 ms.
Unloading 4782 Unused Serialized files (Serialized files now loaded: 0)
System memory in use before: 187.3 MB.
System memory in use after: 185.2 MB.

Unloading 52 unused Assets to reduce memory usage. Loaded Objects now: 5329.
Total: 268.052434 ms (FindLiveObjects: 1.647556 ms CreateObjectMapping: 0.372533 ms MarkObjects: 197.320958 ms  DeleteObjects: 68.702098 ms)

========================================================================
Received Prepare
Registering precompiled user dll's ...
Registered in 0.005116 seconds.
Begin MonoManager ReloadAssembly
Native extension for WindowsStandalone target not found
Native extension for WebGL target not found
Refreshing native plugins compatible for Editor in 1.94 ms, found 4 plugins.
Preloading 0 native plugins for Editor in 0.00 ms.
Mono: successfully reloaded assembly
- Completed reload, in  4.476 seconds
Platform modules already initialized, skipping
Shader 'Universal Render Pipeline/Particles/Lit': fallback shader 'Universal Render Pipeline/Particles/SimpleLit' not found
Shader 'Universal Render Pipeline/Particles/Lit': fallback shader 'Universal Render Pipeline/Particles/SimpleLit' not found
Refreshing native plugins compatible for Editor in 1.92 ms, found 4 plugins.
Preloading 0 native plugins for Editor in 0.00 ms.
Unloading 4782 Unused Serialized files (Serialized files now loaded: 0)
System memory in use before: 187.3 MB.
System memory in use after: 185.2 MB.

Unloading 52 unused Assets to reduce memory usage. Loaded Objects now: 5332.
Total: 40.250716 ms (FindLiveObjects: 1.503822 ms CreateObjectMapping: 0.367156 ms MarkObjects: 36.457916 ms  DeleteObjects: 1.914978 ms)

========================================================================
Received Prepare
Registering precompiled user dll's ...
Registered in 0.521293 seconds.
Begin MonoManager ReloadAssembly
Native extension for WindowsStandalone target not found
Native extension for WebGL target not found
Refreshing native plugins compatible for Editor in 1.87 ms, found 4 plugins.
Preloading 0 native plugins for Editor in 0.00 ms.
Mono: successfully reloaded assembly
- Completed reload, in 13.504 seconds
Platform modules already initialized, skipping
Shader 'Universal Render Pipeline/Particles/Lit': fallback shader 'Universal Render Pipeline/Particles/SimpleLit' not found
Shader 'Universal Render Pipeline/Particles/Lit': fallback shader 'Universal Render Pipeline/Particles/SimpleLit' not found
Refreshing native plugins compatible for Editor in 2.13 ms, found 4 plugins.
Preloading 0 native plugins for Editor in 0.00 ms.
Unloading 4782 Unused Serialized files (Serialized files now loaded: 0)
System memory in use before: 187.4 MB.
System memory in use after: 185.2 MB.

Unloading 52 unused Assets to reduce memory usage. Loaded Objects now: 5335.
Total: 21.849914 ms (FindLiveObjects: 1.484267 ms CreateObjectMapping: 0.360800 ms MarkObjects: 16.699958 ms  DeleteObjects: 3.296089 ms)

