Using pre-set license
Built from '2021.1/staging' branch; Version is '2021.1.0f1 (212a25361e8c) revision 2173477'; Using compiler version '192528614'; Build Type 'Release'
OS: 'Windows 7  (6.1.0) 64bit' Language: 'ru' Physical Memory: 6143 MB
BatchMode: 1, IsHumanControllingUs: 0, StartBugReporterOnCrash: 0, Is64bit: 1, IsPro: 0

 COMMAND LINE ARGUMENTS:
C:\VetloDevelop2021\2021.1.0f1\2021.1.0f1\Editor\Unity.exe
-adb2
-batchMode
-noUpm
-name
AssetImportWorker4
-projectPath
C:/VetloDevelop2021/NewInputSystem/New Input System
-logFile
Logs/AssetImportWorker4.log
-srvPort
50081
Successfully changed project path to: C:/VetloDevelop2021/NewInputSystem/New Input System
C:/VetloDevelop2021/NewInputSystem/New Input System
Using Asset Import Pipeline V2.
Refreshing native plugins compatible for Editor in 250.20 ms, found 1 plugins.
Preloading 0 native plugins for Editor in 0.00 ms.
Initialize engine version: 2021.1.0f1 (212a25361e8c)
[Subsystems] Discovering subsystems at path C:/VetloDevelop2021/2021.1.0f1/2021.1.0f1/Editor/Data/Resources/UnitySubsystems
[Subsystems] Discovering subsystems at path C:/VetloDevelop2021/NewInputSystem/New Input System/Assets
GfxDevice: creating device client; threaded=0; jobified=0
d3d11: CreateDXGIFactory2(...) not found, fallbacking to CreateDXGIFactory1(...).
d3d11: QueryInterface(IDXGIFactory5) failed (80004002).
Direct3D:
    Version:  Direct3D 11.0 [level 11.0]
    Renderer: NVIDIA GeForce GTX 550 Ti (ID=0x1244)
    Vendor:   NVIDIA
    VRAM:     959 MB
    Driver:   23.21.13.9135
Initialize mono
Mono path[0] = 'C:/VetloDevelop2021/2021.1.0f1/2021.1.0f1/Editor/Data/Managed'
Mono path[1] = 'C:/VetloDevelop2021/2021.1.0f1/2021.1.0f1/Editor/Data/MonoBleedingEdge/lib/mono/unityjit'
Mono config path = 'C:/VetloDevelop2021/2021.1.0f1/2021.1.0f1/Editor/Data/MonoBleedingEdge/etc'
Using monoOptions --debugger-agent=transport=dt_socket,embedding=1,server=y,suspend=n,address=127.0.0.1:56212
Begin MonoManager ReloadAssembly
Registering precompiled unity dll's ...
Register platform support module: C:/VetloDevelop2021/2021.1.0f1/2021.1.0f1/Editor/Data/PlaybackEngines/WebGLSupport/UnityEditor.WebGL.Extensions.dll
Register platform support module: C:/VetloDevelop2021/2021.1.0f1/2021.1.0f1/Editor/Data/PlaybackEngines/WindowsStandaloneSupport/UnityEditor.WindowsStandalone.Extensions.dll
Registered in 0.001622 seconds.
Native extension for WindowsStandalone target not found
Native extension for WebGL target not found
Refreshing native plugins compatible for Editor in 258.19 ms, found 1 plugins.
Preloading 0 native plugins for Editor in 0.00 ms.
Mono: successfully reloaded assembly
- Completed reload, in  5.407 seconds
Platform modules already initialized, skipping
Registering precompiled user dll's ...
Registered in 0.004498 seconds.
Begin MonoManager ReloadAssembly
Native extension for WindowsStandalone target not found
Native extension for WebGL target not found
Refreshing native plugins compatible for Editor in 193.45 ms, found 1 plugins.
Preloading 0 native plugins for Editor in 0.00 ms.
Mono: successfully reloaded assembly
- Completed reload, in  3.071 seconds
Platform modules already initialized, skipping
========================================================================
Worker process is ready to serve import requests
Shader 'Universal Render Pipeline/Particles/Lit': fallback shader 'Universal Render Pipeline/Particles/SimpleLit' not found
Shader 'Universal Render Pipeline/Particles/Lit': fallback shader 'Universal Render Pipeline/Particles/SimpleLit' not found
Launched and connected shader compiler UnityShaderCompiler.exe after 0.47 seconds
Refreshing native plugins compatible for Editor in 1.52 ms, found 1 plugins.
Preloading 0 native plugins for Editor in 0.00 ms.
Unloading 3988 Unused Serialized files (Serialized files now loaded: 0)
System memory in use before: 155.1 MB.
System memory in use after: 152.9 MB.

Unloading 49 unused Assets to reduce memory usage. Loaded Objects now: 4404.
Total: 7.535734 ms (FindLiveObjects: 1.481334 ms CreateObjectMapping: 0.315333 ms MarkObjects: 3.954134 ms  DeleteObjects: 1.774667 ms)

========================================================================
Received Import Request.
  path: Assets/_Vetlo_
  artifactKey: Guid(b68b72149596997438dbedf92bc03f2e) Importer(815301076,1909f56bfc062723c751e8b465ee728b)
Start importing Assets/_Vetlo_ using Guid(b68b72149596997438dbedf92bc03f2e) Importer(815301076,1909f56bfc062723c751e8b465ee728b)  -> (artifact id: 'd5348165214a4b4380797fbc41fb5edd') in 0.011739 seconds 
========================================================================
Received Import Request.
  Time since last request: 43.594201 seconds.
  path: Assets/_Vetlo_/vScenes
  artifactKey: Guid(d861a4bd505d48f40aa5ca69f8a8f7ff) Importer(815301076,1909f56bfc062723c751e8b465ee728b)
Start importing Assets/_Vetlo_/vScenes using Guid(d861a4bd505d48f40aa5ca69f8a8f7ff) Importer(815301076,1909f56bfc062723c751e8b465ee728b)  -> (artifact id: '1665e9274cc3c14851d2bb8445bb779d') in 0.007622 seconds 
========================================================================
Received Import Request.
  Time since last request: 5.604461 seconds.
  path: Assets/UnityAssets/Scenes/SampleScene.unity
  artifactKey: Guid(d1c3109bdb54ad54c8a2b2838528e640) Importer(815301076,1909f56bfc062723c751e8b465ee728b)
Start importing Assets/UnityAssets/Scenes/SampleScene.unity using Guid(d1c3109bdb54ad54c8a2b2838528e640) Importer(815301076,1909f56bfc062723c751e8b465ee728b)  -> (artifact id: '1d3ca6eb3a8fc5b27d2408ecb8703908') in 0.030802 seconds 
========================================================================
Received Import Request.
  Time since last request: 0.978201 seconds.
  path: Assets/UnityAssets/Scenes/SampleScene 1.unity
  artifactKey: Guid(ea6930f2b83c0e240a89f9c01088c2e8) Importer(815301076,1909f56bfc062723c751e8b465ee728b)
Start importing Assets/UnityAssets/Scenes/SampleScene 1.unity using Guid(ea6930f2b83c0e240a89f9c01088c2e8) Importer(815301076,1909f56bfc062723c751e8b465ee728b)  -> (artifact id: 'f42e1c4bff55bf8a1a598c789280e03c') in 0.008844 seconds 
========================================================================
Received Import Request.
  Time since last request: 12.260918 seconds.
  path: Assets/_Vetlo_/vScenes/GameScene.unity
  artifactKey: Guid(ea6930f2b83c0e240a89f9c01088c2e8) Importer(815301076,1909f56bfc062723c751e8b465ee728b)
Start importing Assets/_Vetlo_/vScenes/GameScene.unity using Guid(ea6930f2b83c0e240a89f9c01088c2e8) Importer(815301076,1909f56bfc062723c751e8b465ee728b)  -> (artifact id: '2a8c0c8a101f3462957e2aff10c81df1') in 0.002354 seconds 
